<?xml version="1.0" encoding="UTF-8"?>
<robot generator="Robot 7.0 (Python 3.12.3 on win32)" generated="2024-04-14T03:33:19.448291" rpa="false" schemaversion="5">
<suite id="s1" name="TC1 POST Request" source="C:\Users\Sandeep\PycharmProjects\flaskApiTests\TestCases\TC1_POST_Request.robot">
<test id="s1-t1" name="Test POST Request" line="9">
<kw name="Create Session" owner="RequestsLibrary">
<msg time="2024-04-14T03:33:19.526864" level="INFO">Creating Session using : alias=session, url=http://127.0.0.1:5000, headers={},                     cookies={}, auth=None, timeout=None, proxies=None, verify=False,                     debug=0 </msg>
<arg>session</arg>
<arg>${BASE_URL}</arg>
<doc>Create Session: create a HTTP session to a server</doc>
<status status="PASS" start="2024-04-14T03:33:19.526864" elapsed="0.000000"/>
</kw>
<kw name="Create Dictionary" owner="BuiltIn">
<msg time="2024-04-14T03:33:19.526864" level="INFO">${headers} = {'Content-Type': 'application/json'}</msg>
<var>${headers}</var>
<arg>Content-Type=application/json</arg>
<doc>Creates and returns a dictionary based on the given ``items``.</doc>
<status status="PASS" start="2024-04-14T03:33:19.526864" elapsed="0.000000"/>
</kw>
<kw name="Create Dictionary" owner="BuiltIn">
<msg time="2024-04-14T03:33:19.526864" level="INFO">${payload} = {'name': 'sandeep', 'email': 'sandeep@gmail.com'}</msg>
<var>${payload}</var>
<arg>name=sandeep</arg>
<arg>email=sandeep@gmail.com</arg>
<doc>Creates and returns a dictionary based on the given ``items``.</doc>
<status status="PASS" start="2024-04-14T03:33:19.526864" elapsed="0.000000"/>
</kw>
<kw name="POST On Session" owner="RequestsLibrary">
<msg time="2024-04-14T03:33:19.543719" level="INFO">POST Request : url=http://127.0.0.1:5000/submit-json 
 path_url=/submit-json 
 headers={'User-Agent': 'python-requests/2.31.0', 'Accept-Encoding': 'gzip, deflate', 'Accept': '*/*', 'Connection': 'keep-alive', 'Content-Type': 'application/json', 'Content-Length': '49'} 
 body=b'{"name": "sandeep", "email": "sandeep@gmail.com"}' 
 </msg>
<msg time="2024-04-14T03:33:19.543719" level="INFO">POST Response : url=http://127.0.0.1:5000/submit-json 
 status=200, reason=OK 
 headers={'Server': 'Werkzeug/3.0.2 Python/3.12.3', 'Date': 'Sat, 13 Apr 2024 22:03:19 GMT', 'Content-Type': 'application/json', 'Content-Length': '104', 'Connection': 'close'} 
 body={
  "email": "sandeep@gmail.com",
  "message": "JSON data received successfully",
  "name": "sandeep"
}
 
 </msg>
<msg time="2024-04-14T03:33:19.543719" level="INFO">${response} = &lt;Response [200]&gt;</msg>
<var>${response}</var>
<arg>session</arg>
<arg>${BASE_URL}/submit-json</arg>
<arg>json=${payload}</arg>
<arg>headers=${headers}</arg>
<doc>Sends a POST request on a previously created HTTP Session.</doc>
<status status="PASS" start="2024-04-14T03:33:19.526864" elapsed="0.016855"/>
</kw>
<kw name="Log To Console" owner="BuiltIn">
<arg>${response.status_code}</arg>
<doc>Logs the given message to the console.</doc>
<status status="PASS" start="2024-04-14T03:33:19.543719" elapsed="0.001834"/>
</kw>
<kw name="Log To Console" owner="BuiltIn">
<arg>${response.content}</arg>
<doc>Logs the given message to the console.</doc>
<status status="PASS" start="2024-04-14T03:33:19.546213" elapsed="0.000000"/>
</kw>
<kw name="Should Be Equal As Numbers" owner="BuiltIn">
<msg time="2024-04-14T03:33:19.546213" level="INFO">Argument types are:
&lt;class 'int'&gt;
&lt;class 'str'&gt;</msg>
<arg>${response.status_code}</arg>
<arg>200</arg>
<doc>Fails if objects are unequal after converting them to real numbers.</doc>
<status status="PASS" start="2024-04-14T03:33:19.546213" elapsed="0.000000"/>
</kw>
<status status="PASS" start="2024-04-14T03:33:19.526864" elapsed="0.019349"/>
</test>
<status status="PASS" start="2024-04-14T03:33:19.448291" elapsed="0.097922"/>
</suite>
<statistics>
<total>
<stat pass="1" fail="0" skip="0">All Tests</stat>
</total>
<tag>
</tag>
<suite>
<stat pass="1" fail="0" skip="0" id="s1" name="TC1 POST Request">TC1 POST Request</stat>
</suite>
</statistics>
<errors>
</errors>
</robot>
